DEBUG - 2026-01-09 17:01:08 --> Session: Class initialized using 'CodeIgniter\Session\Handlers\FileHandler' driver.
DEBUG - 2026-01-09 17:01:09 --> Session: Class initialized using 'CodeIgniter\Session\Handlers\FileHandler' driver.
DEBUG - 2026-01-09 17:01:34 --> Session: Class initialized using 'CodeIgniter\Session\Handlers\FileHandler' driver.
DEBUG - 2026-01-09 17:01:57 --> Session: Class initialized using 'CodeIgniter\Session\Handlers\FileHandler' driver.
ERROR - 2026-01-09 17:02:07 --> mysqli_sql_exception: MySQL server has gone away in C:\xampp\htdocs\VMSShell\system\Database\MySQLi\Connection.php:327
Stack trace:
#0 C:\xampp\htdocs\VMSShell\system\Database\MySQLi\Connection.php(327): mysqli->query('SELECT \r\n      ...', 0)
#1 C:\xampp\htdocs\VMSShell\system\Database\BaseConnection.php(729): CodeIgniter\Database\MySQLi\Connection->execute('SELECT \r\n      ...')
#2 C:\xampp\htdocs\VMSShell\system\Database\BaseConnection.php(646): CodeIgniter\Database\BaseConnection->simpleQuery('SELECT \r\n      ...')
#3 C:\xampp\htdocs\VMSShell\app\Models\UserModel.php(71): CodeIgniter\Database\BaseConnection->query('SELECT \r\n      ...', Array)
#4 C:\xampp\htdocs\VMSShell\app\Controllers\Login.php(18): App\Models\UserModel->checkLoginModel('superadmin', 'superadmin@123')
#5 C:\xampp\htdocs\VMSShell\system\CodeIgniter.php(933): App\Controllers\Login->checkLogin()
#6 C:\xampp\htdocs\VMSShell\system\CodeIgniter.php(507): CodeIgniter\CodeIgniter->runController(Object(App\Controllers\Login))
#7 C:\xampp\htdocs\VMSShell\system\CodeIgniter.php(354): CodeIgniter\CodeIgniter->handleRequest(NULL, Object(Config\Cache), false)
#8 C:\xampp\htdocs\VMSShell\system\Boot.php(363): CodeIgniter\CodeIgniter->run()
#9 C:\xampp\htdocs\VMSShell\system\Boot.php(68): CodeIgniter\Boot::runCodeIgniter(Object(CodeIgniter\CodeIgniter))
#10 C:\xampp\htdocs\VMSShell\index.php(59): CodeIgniter\Boot::bootWeb(Object(Config\Paths))
#11 {main}
CRITICAL - 2026-01-09 17:02:07 --> CodeIgniter\Database\Exceptions\DatabaseException: MySQL server has gone away
[Method: POST, Route: login]
in SYSTEMPATH\Database\BaseConnection.php on line 684.
 1 APPPATH\Models\UserModel.php(71): CodeIgniter\Database\BaseConnection->query('SELECT 
                        u.*, 
                        r.role_name, 
                        d.department_name,
                        d.id as dep_id
                    FROM users u
                    LEFT JOIN roles r ON r.id = u.role_id
                    LEFT JOIN departments d ON d.id = u.department_id
                    WHERE u.username = ? 
                    AND u.active = 1
                    LIMIT 1', [...])
 2 APPPATH\Controllers\Login.php(18): App\Models\UserModel->checkLoginModel('superadmin', 'superadmin@123')
 3 SYSTEMPATH\CodeIgniter.php(933): App\Controllers\Login->checkLogin()
 4 SYSTEMPATH\CodeIgniter.php(507): CodeIgniter\CodeIgniter->runController(Object(App\Controllers\Login))
 5 SYSTEMPATH\CodeIgniter.php(354): CodeIgniter\CodeIgniter->handleRequest(null, Object(Config\Cache), false)
 6 SYSTEMPATH\Boot.php(363): CodeIgniter\CodeIgniter->run()
 7 SYSTEMPATH\Boot.php(68): CodeIgniter\Boot::runCodeIgniter(Object(CodeIgniter\CodeIgniter))
 8 FCPATH\index.php(59): CodeIgniter\Boot::bootWeb(Object(Config\Paths))
CRITICAL - 2026-01-09 17:02:07 --> [Caused by] CodeIgniter\Database\Exceptions\DatabaseException: MySQL server has gone away
in SYSTEMPATH\Database\MySQLi\Connection.php on line 332.
 1 SYSTEMPATH\Database\BaseConnection.php(729): CodeIgniter\Database\MySQLi\Connection->execute('SELECT 
                        u.*, 
                        r.role_name, 
                        d.department_name,
                        d.id as dep_id
                    FROM users u
                    LEFT JOIN roles r ON r.id = u.role_id
                    LEFT JOIN departments d ON d.id = u.department_id
                    WHERE u.username = \'superadmin\' 
                    AND u.active = 1
                    LIMIT 1')
 2 SYSTEMPATH\Database\BaseConnection.php(646): CodeIgniter\Database\BaseConnection->simpleQuery('SELECT 
                        u.*, 
                        r.role_name, 
                        d.department_name,
                        d.id as dep_id
                    FROM users u
                    LEFT JOIN roles r ON r.id = u.role_id
                    LEFT JOIN departments d ON d.id = u.department_id
                    WHERE u.username = \'superadmin\' 
                    AND u.active = 1
                    LIMIT 1')
 3 APPPATH\Models\UserModel.php(71): CodeIgniter\Database\BaseConnection->query('SELECT 
                        u.*, 
                        r.role_name, 
                        d.department_name,
                        d.id as dep_id
                    FROM users u
                    LEFT JOIN roles r ON r.id = u.role_id
                    LEFT JOIN departments d ON d.id = u.department_id
                    WHERE u.username = ? 
                    AND u.active = 1
                    LIMIT 1', [...])
 4 APPPATH\Controllers\Login.php(18): App\Models\UserModel->checkLoginModel('superadmin', 'superadmin@123')
 5 SYSTEMPATH\CodeIgniter.php(933): App\Controllers\Login->checkLogin()
 6 SYSTEMPATH\CodeIgniter.php(507): CodeIgniter\CodeIgniter->runController(Object(App\Controllers\Login))
 7 SYSTEMPATH\CodeIgniter.php(354): CodeIgniter\CodeIgniter->handleRequest(null, Object(Config\Cache), false)
 8 SYSTEMPATH\Boot.php(363): CodeIgniter\CodeIgniter->run()
 9 SYSTEMPATH\Boot.php(68): CodeIgniter\Boot::runCodeIgniter(Object(CodeIgniter\CodeIgniter))
10 FCPATH\index.php(59): CodeIgniter\Boot::bootWeb(Object(Config\Paths))
CRITICAL - 2026-01-09 17:02:07 --> [Caused by] mysqli_sql_exception: MySQL server has gone away
in SYSTEMPATH\Database\MySQLi\Connection.php on line 327.
 1 SYSTEMPATH\Database\MySQLi\Connection.php(327): mysqli->query('SELECT 
                        u.*, 
                        r.role_name, 
                        d.department_name,
                        d.id as dep_id
                    FROM users u
                    LEFT JOIN roles r ON r.id = u.role_id
                    LEFT JOIN departments d ON d.id = u.department_id
                    WHERE u.username = \'superadmin\' 
                    AND u.active = 1
                    LIMIT 1', 0)
 2 SYSTEMPATH\Database\BaseConnection.php(729): CodeIgniter\Database\MySQLi\Connection->execute('SELECT 
                        u.*, 
                        r.role_name, 
                        d.department_name,
                        d.id as dep_id
                    FROM users u
                    LEFT JOIN roles r ON r.id = u.role_id
                    LEFT JOIN departments d ON d.id = u.department_id
                    WHERE u.username = \'superadmin\' 
                    AND u.active = 1
                    LIMIT 1')
 3 SYSTEMPATH\Database\BaseConnection.php(646): CodeIgniter\Database\BaseConnection->simpleQuery('SELECT 
                        u.*, 
                        r.role_name, 
                        d.department_name,
                        d.id as dep_id
                    FROM users u
                    LEFT JOIN roles r ON r.id = u.role_id
                    LEFT JOIN departments d ON d.id = u.department_id
                    WHERE u.username = \'superadmin\' 
                    AND u.active = 1
                    LIMIT 1')
 4 APPPATH\Models\UserModel.php(71): CodeIgniter\Database\BaseConnection->query('SELECT 
                        u.*, 
                        r.role_name, 
                        d.department_name,
                        d.id as dep_id
                    FROM users u
                    LEFT JOIN roles r ON r.id = u.role_id
                    LEFT JOIN departments d ON d.id = u.department_id
                    WHERE u.username = ? 
                    AND u.active = 1
                    LIMIT 1', [...])
 5 APPPATH\Controllers\Login.php(18): App\Models\UserModel->checkLoginModel('superadmin', 'superadmin@123')
 6 SYSTEMPATH\CodeIgniter.php(933): App\Controllers\Login->checkLogin()
 7 SYSTEMPATH\CodeIgniter.php(507): CodeIgniter\CodeIgniter->runController(Object(App\Controllers\Login))
 8 SYSTEMPATH\CodeIgniter.php(354): CodeIgniter\CodeIgniter->handleRequest(null, Object(Config\Cache), false)
 9 SYSTEMPATH\Boot.php(363): CodeIgniter\CodeIgniter->run()
10 SYSTEMPATH\Boot.php(68): CodeIgniter\Boot::runCodeIgniter(Object(CodeIgniter\CodeIgniter))
11 FCPATH\index.php(59): CodeIgniter\Boot::bootWeb(Object(Config\Paths))
DEBUG - 2026-01-09 17:02:30 --> Session: Class initialized using 'CodeIgniter\Session\Handlers\FileHandler' driver.
DEBUG - 2026-01-09 17:02:32 --> Session: Class initialized using 'CodeIgniter\Session\Handlers\FileHandler' driver.
DEBUG - 2026-01-09 17:02:32 --> Session: Class initialized using 'CodeIgniter\Session\Handlers\FileHandler' driver.
DEBUG - 2026-01-09 17:02:33 --> Session: Class initialized using 'CodeIgniter\Session\Handlers\FileHandler' driver.
WARNING - 2026-01-09 17:02:33 --> [DEPRECATED] Creation of dynamic property App\Controllers\VisitorRequest::$recceDetailsModel is deprecated in APPPATH\Controllers\VisitorRequest.php on line 28.
 1 SYSTEMPATH\CodeIgniter.php(903): App\Controllers\VisitorRequest->__construct()
 2 SYSTEMPATH\CodeIgniter.php(498): CodeIgniter\CodeIgniter->createController()
 3 SYSTEMPATH\CodeIgniter.php(354): CodeIgniter\CodeIgniter->handleRequest(null, Object(Config\Cache), false)
 4 SYSTEMPATH\Boot.php(363): CodeIgniter\CodeIgniter->run()
 5 SYSTEMPATH\Boot.php(68): CodeIgniter\Boot::runCodeIgniter(Object(CodeIgniter\CodeIgniter))
 6 FCPATH\index.php(59): CodeIgniter\Boot::bootWeb(Object(Config\Paths))
DEBUG - 2026-01-09 17:02:33 --> Session: Class initialized using 'CodeIgniter\Session\Handlers\FileHandler' driver.
DEBUG - 2026-01-09 17:03:45 --> Session: Class initialized using 'CodeIgniter\Session\Handlers\FileHandler' driver.
DEBUG - 2026-01-09 17:03:45 --> Session: Class initialized using 'CodeIgniter\Session\Handlers\FileHandler' driver.
WARNING - 2026-01-09 17:03:45 --> [DEPRECATED] Creation of dynamic property App\Controllers\VisitorRequest::$recceDetailsModel is deprecated in APPPATH\Controllers\VisitorRequest.php on line 28.
 1 SYSTEMPATH\CodeIgniter.php(903): App\Controllers\VisitorRequest->__construct()
 2 SYSTEMPATH\CodeIgniter.php(498): CodeIgniter\CodeIgniter->createController()
 3 SYSTEMPATH\CodeIgniter.php(354): CodeIgniter\CodeIgniter->handleRequest(null, Object(Config\Cache), false)
 4 SYSTEMPATH\Boot.php(363): CodeIgniter\CodeIgniter->run()
 5 SYSTEMPATH\Boot.php(68): CodeIgniter\Boot::runCodeIgniter(Object(CodeIgniter\CodeIgniter))
 6 FCPATH\index.php(59): CodeIgniter\Boot::bootWeb(Object(Config\Paths))
DEBUG - 2026-01-09 17:03:45 --> Session: Class initialized using 'CodeIgniter\Session\Handlers\FileHandler' driver.
DEBUG - 2026-01-09 17:04:34 --> Session: Class initialized using 'CodeIgniter\Session\Handlers\FileHandler' driver.
DEBUG - 2026-01-09 17:04:34 --> Session: Class initialized using 'CodeIgniter\Session\Handlers\FileHandler' driver.
WARNING - 2026-01-09 17:04:34 --> [DEPRECATED] Creation of dynamic property App\Controllers\VisitorRequest::$recceDetailsModel is deprecated in APPPATH\Controllers\VisitorRequest.php on line 28.
 1 SYSTEMPATH\CodeIgniter.php(903): App\Controllers\VisitorRequest->__construct()
 2 SYSTEMPATH\CodeIgniter.php(498): CodeIgniter\CodeIgniter->createController()
 3 SYSTEMPATH\CodeIgniter.php(354): CodeIgniter\CodeIgniter->handleRequest(null, Object(Config\Cache), false)
 4 SYSTEMPATH\Boot.php(363): CodeIgniter\CodeIgniter->run()
 5 SYSTEMPATH\Boot.php(68): CodeIgniter\Boot::runCodeIgniter(Object(CodeIgniter\CodeIgniter))
 6 FCPATH\index.php(59): CodeIgniter\Boot::bootWeb(Object(Config\Paths))
DEBUG - 2026-01-09 17:04:34 --> Session: Class initialized using 'CodeIgniter\Session\Handlers\FileHandler' driver.
DEBUG - 2026-01-09 17:05:03 --> Session: Class initialized using 'CodeIgniter\Session\Handlers\FileHandler' driver.
DEBUG - 2026-01-09 17:05:04 --> Session: Class initialized using 'CodeIgniter\Session\Handlers\FileHandler' driver.
WARNING - 2026-01-09 17:05:04 --> [DEPRECATED] Creation of dynamic property App\Controllers\VisitorRequest::$recceDetailsModel is deprecated in APPPATH\Controllers\VisitorRequest.php on line 28.
 1 SYSTEMPATH\CodeIgniter.php(903): App\Controllers\VisitorRequest->__construct()
 2 SYSTEMPATH\CodeIgniter.php(498): CodeIgniter\CodeIgniter->createController()
 3 SYSTEMPATH\CodeIgniter.php(354): CodeIgniter\CodeIgniter->handleRequest(null, Object(Config\Cache), false)
 4 SYSTEMPATH\Boot.php(363): CodeIgniter\CodeIgniter->run()
 5 SYSTEMPATH\Boot.php(68): CodeIgniter\Boot::runCodeIgniter(Object(CodeIgniter\CodeIgniter))
 6 FCPATH\index.php(59): CodeIgniter\Boot::bootWeb(Object(Config\Paths))
DEBUG - 2026-01-09 17:05:04 --> Session: Class initialized using 'CodeIgniter\Session\Handlers\FileHandler' driver.
DEBUG - 2026-01-09 17:06:29 --> Session: Class initialized using 'CodeIgniter\Session\Handlers\FileHandler' driver.
DEBUG - 2026-01-09 17:06:29 --> Session: Class initialized using 'CodeIgniter\Session\Handlers\FileHandler' driver.
